<?xml version="1.0" encoding="UTF-8"?>
<!-- Generated by org.testng.reporters.JUnitXMLReporter -->
<testsuite hostname="c190104" name="交易创建-正常创建" tests="1" failures="1" timestamp="11 Jul 2016 10:31:11 GMT" time="0.033" errors="0">
  <testcase name="CaseTransactionCreate001" time="0.026" classname="com.suite.CaseTransactionCreate">
    <failure type="java.lang.AssertionError" message="expected [201] but found [401]">
      <![CDATA[java.lang.AssertionError: expected [201] but found [401]
	at com.acinterface.IDfbTransactionCreate.afterRequest(IDfbTransactionCreate.java:44)
	at com.http.AWebApiService.run(AWebApiService.java:48)
	at com.suite.CaseTransactionCreate.CaseTransactionCreate001(CaseTransactionCreate.java:25)
... Removed 29 stack frames]]>
    </failure>
  </testcase> <!-- CaseTransactionCreate001 -->
</testsuite> <!-- 交易创建-正常创建 -->
