<?xml version="1.0" encoding="UTF-8"?>
<!-- Generated by org.testng.reporters.JUnitXMLReporter -->
<testsuite hostname="c190104" name="交易初始-正常初始化" tests="1" failures="1" timestamp="11 Jul 2016 10:31:11 GMT" time="0.037" errors="0">
  <testcase name="CaseTransactionInit001" time="0.029" classname="com.suite.CaseTransactionInit">
    <failure type="java.lang.AssertionError" message="expected [200] but found [401]">
      <![CDATA[java.lang.AssertionError: expected [200] but found [401]
	at com.acinterface.IDfbTransactionInit.afterRequest(IDfbTransactionInit.java:54)
	at com.http.AWebApiService.run(AWebApiService.java:48)
	at com.suite.CaseTransactionInit.CaseTransactionInit001(CaseTransactionInit.java:36)
... Removed 29 stack frames]]>
    </failure>
  </testcase> <!-- CaseTransactionInit001 -->
</testsuite> <!-- 交易初始-正常初始化 -->
