<?xml version="1.0" encoding="UTF-8"?>
<!-- Generated by org.testng.reporters.JUnitXMLReporter -->
<testsuite hostname="c190104" name="交易otp-正常获取Otp" tests="1" failures="1" timestamp="11 Jul 2016 10:31:11 GMT" time="0.032" errors="0">
  <testcase name="CaseTransactionOtp001" time="0.024" classname="com.suite.CaseTransactionOtp">
    <failure type="java.lang.AssertionError" message="expected [201] but found [401]">
      <![CDATA[java.lang.AssertionError: expected [201] but found [401]
	at com.acinterface.IDfbTransactionOtp.afterRequest(IDfbTransactionOtp.java:45)
	at com.http.AWebApiService.run(AWebApiService.java:48)
	at com.suite.CaseTransactionOtp.CaseTransactionOtp001(CaseTransactionOtp.java:25)
... Removed 29 stack frames]]>
    </failure>
  </testcase> <!-- CaseTransactionOtp001 -->
</testsuite> <!-- 交易otp-正常获取Otp -->
