<?xml version="1.0" encoding="UTF-8"?>
<!-- Generated by org.testng.reporters.JUnitXMLReporter -->
<testsuite hostname="c190104" name="登录-正常登录" tests="1" failures="1" timestamp="11 Jul 2016 10:31:11 GMT" time="30.439" errors="0">
  <testcase name="CaseLogin001" time="30.099" classname="com.suite.CaseLogin">
    <failure type="java.lang.AssertionError" message="expected [200] but found [500]">
      <![CDATA[java.lang.AssertionError: expected [200] but found [500]
	at com.acinterface.IDfbLogin.afterRequest(IDfbLogin.java:55)
	at com.http.AWebApiService.run(AWebApiService.java:48)
	at com.suite.CaseLogin.CaseLogin001(CaseLogin.java:33)
... Removed 29 stack frames]]>
    </failure>
  </testcase> <!-- CaseLogin001 -->
</testsuite> <!-- 登录-正常登录 -->
